<?xml version="1.0" encoding="UTF-8"?>
<testsuite xmlns:xsi="http://www.w3.org/2001/XMLSchema-instance" xsi:noNamespaceSchemaLocation="https://maven.apache.org/surefire/maven-surefire-plugin/xsd/surefire-test-report.xsd" name="com.demo01.AppTest" time="0.131" tests="1" errors="0" skipped="0" failures="0">
  <properties>
    <property name="sun.desktop" value="windows"/>
    <property name="awt.toolkit" value="sun.awt.windows.WToolkit"/>
    <property name="file.encoding.pkg" value="sun.io"/>
    <property name="java.specification.version" value="1.8"/>
    <property name="sun.cpu.isalist" value="amd64"/>
    <property name="sun.jnu.encoding" value="GBK"/>
    <property name="java.class.path" value="D:\Workspace\IdeaProjects\demo01\target\test-classes;D:\Workspace\IdeaProjects\demo01\target\classes;D:\Workspace\MavenWork\repo\org\springframework\boot\spring-boot-starter-web\2.1.6.RELEASE\spring-boot-starter-web-2.1.6.RELEASE.jar;D:\Workspace\MavenWork\repo\org\springframework\boot\spring-boot-starter\2.1.6.RELEASE\spring-boot-starter-2.1.6.RELEASE.jar;D:\Workspace\MavenWork\repo\org\springframework\boot\spring-boot\2.1.6.RELEASE\spring-boot-2.1.6.RELEASE.jar;D:\Workspace\MavenWork\repo\org\springframework\boot\spring-boot-autoconfigure\2.1.6.RELEASE\spring-boot-autoconfigure-2.1.6.RELEASE.jar;D:\Workspace\MavenWork\repo\org\springframework\boot\spring-boot-starter-logging\2.1.6.RELEASE\spring-boot-starter-logging-2.1.6.RELEASE.jar;D:\Workspace\MavenWork\repo\ch\qos\logback\logback-classic\1.2.3\logback-classic-1.2.3.jar;D:\Workspace\MavenWork\repo\ch\qos\logback\logback-core\1.2.3\logback-core-1.2.3.jar;D:\Workspace\MavenWork\repo\org\apache\logging\log4j\log4j-to-slf4j\2.11.2\log4j-to-slf4j-2.11.2.jar;D:\Workspace\MavenWork\repo\org\apache\logging\log4j\log4j-api\2.11.2\log4j-api-2.11.2.jar;D:\Workspace\MavenWork\repo\org\slf4j\jul-to-slf4j\1.7.26\jul-to-slf4j-1.7.26.jar;D:\Workspace\MavenWork\repo\javax\annotation\javax.annotation-api\1.3.2\javax.annotation-api-1.3.2.jar;D:\Workspace\MavenWork\repo\org\springframework\spring-core\5.1.8.RELEASE\spring-core-5.1.8.RELEASE.jar;D:\Workspace\MavenWork\repo\org\springframework\spring-jcl\5.1.8.RELEASE\spring-jcl-5.1.8.RELEASE.jar;D:\Workspace\MavenWork\repo\org\yaml\snakeyaml\1.23\snakeyaml-1.23.jar;D:\Workspace\MavenWork\repo\org\springframework\boot\spring-boot-starter-json\2.1.6.RELEASE\spring-boot-starter-json-2.1.6.RELEASE.jar;D:\Workspace\MavenWork\repo\com\fasterxml\jackson\core\jackson-databind\2.9.9\jackson-databind-2.9.9.jar;D:\Workspace\MavenWork\repo\com\fasterxml\jackson\core\jackson-annotations\2.9.0\jackson-annotations-2.9.0.jar;D:\Workspace\MavenWork\repo\com\fasterxml\jackson\core\jackson-core\2.9.9\jackson-core-2.9.9.jar;D:\Workspace\MavenWork\repo\com\fasterxml\jackson\datatype\jackson-datatype-jdk8\2.9.9\jackson-datatype-jdk8-2.9.9.jar;D:\Workspace\MavenWork\repo\com\fasterxml\jackson\datatype\jackson-datatype-jsr310\2.9.9\jackson-datatype-jsr310-2.9.9.jar;D:\Workspace\MavenWork\repo\com\fasterxml\jackson\module\jackson-module-parameter-names\2.9.9\jackson-module-parameter-names-2.9.9.jar;D:\Workspace\MavenWork\repo\org\springframework\boot\spring-boot-starter-tomcat\2.1.6.RELEASE\spring-boot-starter-tomcat-2.1.6.RELEASE.jar;D:\Workspace\MavenWork\repo\org\apache\tomcat\embed\tomcat-embed-core\9.0.21\tomcat-embed-core-9.0.21.jar;D:\Workspace\MavenWork\repo\org\apache\tomcat\embed\tomcat-embed-el\9.0.21\tomcat-embed-el-9.0.21.jar;D:\Workspace\MavenWork\repo\org\apache\tomcat\embed\tomcat-embed-websocket\9.0.21\tomcat-embed-websocket-9.0.21.jar;D:\Workspace\MavenWork\repo\org\hibernate\validator\hibernate-validator\6.0.17.Final\hibernate-validator-6.0.17.Final.jar;D:\Workspace\MavenWork\repo\javax\validation\validation-api\2.0.1.Final\validation-api-2.0.1.Final.jar;D:\Workspace\MavenWork\repo\org\jboss\logging\jboss-logging\3.3.2.Final\jboss-logging-3.3.2.Final.jar;D:\Workspace\MavenWork\repo\com\fasterxml\classmate\1.4.0\classmate-1.4.0.jar;D:\Workspace\MavenWork\repo\org\springframework\spring-web\5.1.8.RELEASE\spring-web-5.1.8.RELEASE.jar;D:\Workspace\MavenWork\repo\org\springframework\spring-beans\5.1.8.RELEASE\spring-beans-5.1.8.RELEASE.jar;D:\Workspace\MavenWork\repo\org\springframework\spring-webmvc\5.1.8.RELEASE\spring-webmvc-5.1.8.RELEASE.jar;D:\Workspace\MavenWork\repo\org\springframework\spring-aop\5.1.8.RELEASE\spring-aop-5.1.8.RELEASE.jar;D:\Workspace\MavenWork\repo\org\springframework\spring-context\5.1.8.RELEASE\spring-context-5.1.8.RELEASE.jar;D:\Workspace\MavenWork\repo\org\springframework\spring-expression\5.1.8.RELEASE\spring-expression-5.1.8.RELEASE.jar;D:\Workspace\MavenWork\repo\mysql\mysql-connector-java\5.1.47\mysql-connector-java-5.1.47.jar;D:\Workspace\MavenWork\repo\com\alibaba\druid\1.1.9\druid-1.1.9.jar;D:\Workspace\MavenWork\repo\org\apache\commons\commons-lang3\3.8.1\commons-lang3-3.8.1.jar;D:\Workspace\MavenWork\repo\log4j\log4j\1.2.17\log4j-1.2.17.jar;D:\Workspace\MavenWork\repo\org\mybatis\spring\boot\mybatis-spring-boot-starter\1.3.4\mybatis-spring-boot-starter-1.3.4.jar;D:\Workspace\MavenWork\repo\org\springframework\boot\spring-boot-starter-jdbc\2.1.6.RELEASE\spring-boot-starter-jdbc-2.1.6.RELEASE.jar;D:\Workspace\MavenWork\repo\com\zaxxer\HikariCP\3.2.0\HikariCP-3.2.0.jar;D:\Workspace\MavenWork\repo\org\slf4j\slf4j-api\1.7.26\slf4j-api-1.7.26.jar;D:\Workspace\MavenWork\repo\org\springframework\spring-jdbc\5.1.8.RELEASE\spring-jdbc-5.1.8.RELEASE.jar;D:\Workspace\MavenWork\repo\org\springframework\spring-tx\5.1.8.RELEASE\spring-tx-5.1.8.RELEASE.jar;D:\Workspace\MavenWork\repo\org\mybatis\spring\boot\mybatis-spring-boot-autoconfigure\1.3.4\mybatis-spring-boot-autoconfigure-1.3.4.jar;D:\Workspace\MavenWork\repo\org\mybatis\mybatis\3.4.6\mybatis-3.4.6.jar;D:\Workspace\MavenWork\repo\org\mybatis\mybatis-spring\1.3.2\mybatis-spring-1.3.2.jar;D:\Workspace\MavenWork\repo\junit\junit\4.11\junit-4.11.jar;D:\Workspace\MavenWork\repo\org\hamcrest\hamcrest-core\1.3\hamcrest-core-1.3.jar;"/>
    <property name="java.vm.vendor" value="Oracle Corporation"/>
    <property name="sun.arch.data.model" value="64"/>
    <property name="user.variant" value=""/>
    <property name="java.vendor.url" value="http://java.oracle.com/"/>
    <property name="user.timezone" value="Asia/Shanghai"/>
    <property name="java.vm.specification.version" value="1.8"/>
    <property name="os.name" value="Windows 7"/>
    <property name="user.country" value="CN"/>
    <property name="sun.java.launcher" value="SUN_STANDARD"/>
    <property name="sun.boot.library.path" value="D:\DTID\Java\jdk1.8.0_151\jre\bin"/>
    <property name="sun.java.command" value="C:\Users\SPARKS~1.CN\AppData\Local\Temp\surefire8962394106015107964\surefirebooter7030801985277972607.jar C:\Users\sparks.org.cn\AppData\Local\Temp\surefire8962394106015107964 2019-06-27T18-00-36_298-jvmRun1 surefire221656307993653699tmp surefire_058164253415795095tmp"/>
    <property name="surefire.test.class.path" value="D:\Workspace\IdeaProjects\demo01\target\test-classes;D:\Workspace\IdeaProjects\demo01\target\classes;D:\Workspace\MavenWork\repo\org\springframework\boot\spring-boot-starter-web\2.1.6.RELEASE\spring-boot-starter-web-2.1.6.RELEASE.jar;D:\Workspace\MavenWork\repo\org\springframework\boot\spring-boot-starter\2.1.6.RELEASE\spring-boot-starter-2.1.6.RELEASE.jar;D:\Workspace\MavenWork\repo\org\springframework\boot\spring-boot\2.1.6.RELEASE\spring-boot-2.1.6.RELEASE.jar;D:\Workspace\MavenWork\repo\org\springframework\boot\spring-boot-autoconfigure\2.1.6.RELEASE\spring-boot-autoconfigure-2.1.6.RELEASE.jar;D:\Workspace\MavenWork\repo\org\springframework\boot\spring-boot-starter-logging\2.1.6.RELEASE\spring-boot-starter-logging-2.1.6.RELEASE.jar;D:\Workspace\MavenWork\repo\ch\qos\logback\logback-classic\1.2.3\logback-classic-1.2.3.jar;D:\Workspace\MavenWork\repo\ch\qos\logback\logback-core\1.2.3\logback-core-1.2.3.jar;D:\Workspace\MavenWork\repo\org\apache\logging\log4j\log4j-to-slf4j\2.11.2\log4j-to-slf4j-2.11.2.jar;D:\Workspace\MavenWork\repo\org\apache\logging\log4j\log4j-api\2.11.2\log4j-api-2.11.2.jar;D:\Workspace\MavenWork\repo\org\slf4j\jul-to-slf4j\1.7.26\jul-to-slf4j-1.7.26.jar;D:\Workspace\MavenWork\repo\javax\annotation\javax.annotation-api\1.3.2\javax.annotation-api-1.3.2.jar;D:\Workspace\MavenWork\repo\org\springframework\spring-core\5.1.8.RELEASE\spring-core-5.1.8.RELEASE.jar;D:\Workspace\MavenWork\repo\org\springframework\spring-jcl\5.1.8.RELEASE\spring-jcl-5.1.8.RELEASE.jar;D:\Workspace\MavenWork\repo\org\yaml\snakeyaml\1.23\snakeyaml-1.23.jar;D:\Workspace\MavenWork\repo\org\springframework\boot\spring-boot-starter-json\2.1.6.RELEASE\spring-boot-starter-json-2.1.6.RELEASE.jar;D:\Workspace\MavenWork\repo\com\fasterxml\jackson\core\jackson-databind\2.9.9\jackson-databind-2.9.9.jar;D:\Workspace\MavenWork\repo\com\fasterxml\jackson\core\jackson-annotations\2.9.0\jackson-annotations-2.9.0.jar;D:\Workspace\MavenWork\repo\com\fasterxml\jackson\core\jackson-core\2.9.9\jackson-core-2.9.9.jar;D:\Workspace\MavenWork\repo\com\fasterxml\jackson\datatype\jackson-datatype-jdk8\2.9.9\jackson-datatype-jdk8-2.9.9.jar;D:\Workspace\MavenWork\repo\com\fasterxml\jackson\datatype\jackson-datatype-jsr310\2.9.9\jackson-datatype-jsr310-2.9.9.jar;D:\Workspace\MavenWork\repo\com\fasterxml\jackson\module\jackson-module-parameter-names\2.9.9\jackson-module-parameter-names-2.9.9.jar;D:\Workspace\MavenWork\repo\org\springframework\boot\spring-boot-starter-tomcat\2.1.6.RELEASE\spring-boot-starter-tomcat-2.1.6.RELEASE.jar;D:\Workspace\MavenWork\repo\org\apache\tomcat\embed\tomcat-embed-core\9.0.21\tomcat-embed-core-9.0.21.jar;D:\Workspace\MavenWork\repo\org\apache\tomcat\embed\tomcat-embed-el\9.0.21\tomcat-embed-el-9.0.21.jar;D:\Workspace\MavenWork\repo\org\apache\tomcat\embed\tomcat-embed-websocket\9.0.21\tomcat-embed-websocket-9.0.21.jar;D:\Workspace\MavenWork\repo\org\hibernate\validator\hibernate-validator\6.0.17.Final\hibernate-validator-6.0.17.Final.jar;D:\Workspace\MavenWork\repo\javax\validation\validation-api\2.0.1.Final\validation-api-2.0.1.Final.jar;D:\Workspace\MavenWork\repo\org\jboss\logging\jboss-logging\3.3.2.Final\jboss-logging-3.3.2.Final.jar;D:\Workspace\MavenWork\repo\com\fasterxml\classmate\1.4.0\classmate-1.4.0.jar;D:\Workspace\MavenWork\repo\org\springframework\spring-web\5.1.8.RELEASE\spring-web-5.1.8.RELEASE.jar;D:\Workspace\MavenWork\repo\org\springframework\spring-beans\5.1.8.RELEASE\spring-beans-5.1.8.RELEASE.jar;D:\Workspace\MavenWork\repo\org\springframework\spring-webmvc\5.1.8.RELEASE\spring-webmvc-5.1.8.RELEASE.jar;D:\Workspace\MavenWork\repo\org\springframework\spring-aop\5.1.8.RELEASE\spring-aop-5.1.8.RELEASE.jar;D:\Workspace\MavenWork\repo\org\springframework\spring-context\5.1.8.RELEASE\spring-context-5.1.8.RELEASE.jar;D:\Workspace\MavenWork\repo\org\springframework\spring-expression\5.1.8.RELEASE\spring-expression-5.1.8.RELEASE.jar;D:\Workspace\MavenWork\repo\mysql\mysql-connector-java\5.1.47\mysql-connector-java-5.1.47.jar;D:\Workspace\MavenWork\repo\com\alibaba\druid\1.1.9\druid-1.1.9.jar;D:\Workspace\MavenWork\repo\org\apache\commons\commons-lang3\3.8.1\commons-lang3-3.8.1.jar;D:\Workspace\MavenWork\repo\log4j\log4j\1.2.17\log4j-1.2.17.jar;D:\Workspace\MavenWork\repo\org\mybatis\spring\boot\mybatis-spring-boot-starter\1.3.4\mybatis-spring-boot-starter-1.3.4.jar;D:\Workspace\MavenWork\repo\org\springframework\boot\spring-boot-starter-jdbc\2.1.6.RELEASE\spring-boot-starter-jdbc-2.1.6.RELEASE.jar;D:\Workspace\MavenWork\repo\com\zaxxer\HikariCP\3.2.0\HikariCP-3.2.0.jar;D:\Workspace\MavenWork\repo\org\slf4j\slf4j-api\1.7.26\slf4j-api-1.7.26.jar;D:\Workspace\MavenWork\repo\org\springframework\spring-jdbc\5.1.8.RELEASE\spring-jdbc-5.1.8.RELEASE.jar;D:\Workspace\MavenWork\repo\org\springframework\spring-tx\5.1.8.RELEASE\spring-tx-5.1.8.RELEASE.jar;D:\Workspace\MavenWork\repo\org\mybatis\spring\boot\mybatis-spring-boot-autoconfigure\1.3.4\mybatis-spring-boot-autoconfigure-1.3.4.jar;D:\Workspace\MavenWork\repo\org\mybatis\mybatis\3.4.6\mybatis-3.4.6.jar;D:\Workspace\MavenWork\repo\org\mybatis\mybatis-spring\1.3.2\mybatis-spring-1.3.2.jar;D:\Workspace\MavenWork\repo\junit\junit\4.11\junit-4.11.jar;D:\Workspace\MavenWork\repo\org\hamcrest\hamcrest-core\1.3\hamcrest-core-1.3.jar;"/>
    <property name="sun.cpu.endian" value="little"/>
    <property name="user.home" value="C:\Users\sparks.org.cn"/>
    <property name="user.language" value="zh"/>
    <property name="java.specification.vendor" value="Oracle Corporation"/>
    <property name="java.home" value="D:\DTID\Java\jdk1.8.0_151\jre"/>
    <property name="basedir" value="D:\Workspace\IdeaProjects\demo01"/>
    <property name="file.separator" value="\"/>
    <property name="line.separator" value="&#10;"/>
    <property name="java.vm.specification.vendor" value="Oracle Corporation"/>
    <property name="java.specification.name" value="Java Platform API Specification"/>
    <property name="java.awt.graphicsenv" value="sun.awt.Win32GraphicsEnvironment"/>
    <property name="surefire.real.class.path" value="C:\Users\SPARKS~1.CN\AppData\Local\Temp\surefire8962394106015107964\surefirebooter7030801985277972607.jar"/>
    <property name="sun.boot.class.path" value="D:\DTID\Java\jdk1.8.0_151\jre\lib\resources.jar;D:\DTID\Java\jdk1.8.0_151\jre\lib\rt.jar;D:\DTID\Java\jdk1.8.0_151\jre\lib\sunrsasign.jar;D:\DTID\Java\jdk1.8.0_151\jre\lib\jsse.jar;D:\DTID\Java\jdk1.8.0_151\jre\lib\jce.jar;D:\DTID\Java\jdk1.8.0_151\jre\lib\charsets.jar;D:\DTID\Java\jdk1.8.0_151\jre\lib\jfr.jar;D:\DTID\Java\jdk1.8.0_151\jre\classes"/>
    <property name="user.script" value=""/>
    <property name="sun.management.compiler" value="HotSpot 64-Bit Tiered Compilers"/>
    <property name="java.runtime.version" value="1.8.0_151-b12"/>
    <property name="user.name" value="sparks.org.cn"/>
    <property name="path.separator" value=";"/>
    <property name="os.version" value="6.1"/>
    <property name="java.endorsed.dirs" value="D:\DTID\Java\jdk1.8.0_151\jre\lib\endorsed"/>
    <property name="java.runtime.name" value="Java(TM) SE Runtime Environment"/>
    <property name="file.encoding" value="GBK"/>
    <property name="java.vm.name" value="Java HotSpot(TM) 64-Bit Server VM"/>
    <property name="localRepository" value="D:\Workspace\MavenWork\repo"/>
    <property name="java.vendor.url.bug" value="http://bugreport.sun.com/bugreport/"/>
    <property name="java.io.tmpdir" value="C:\Users\SPARKS~1.CN\AppData\Local\Temp\"/>
    <property name="java.version" value="1.8.0_151"/>
    <property name="user.dir" value="D:\Workspace\IdeaProjects\demo01"/>
    <property name="os.arch" value="amd64"/>
    <property name="java.vm.specification.name" value="Java Virtual Machine Specification"/>
    <property name="java.awt.printerjob" value="sun.awt.windows.WPrinterJob"/>
    <property name="idea.version2019.1.3" value="true"/>
    <property name="sun.os.patch.level" value="Service Pack 1"/>
    <property name="java.library.path" value="D:\DTID\Java\jdk1.8.0_151\jre\bin;C:\Windows\Sun\Java\bin;C:\Windows\system32;C:\Windows;C:\Program Files (x86)\Intel\iCLS Client\;C:\Program Files\Intel\iCLS Client\;C:\Windows\system32;C:\Windows;C:\Windows\System32\Wbem;C:\Windows\System32\WindowsPowerShell\v1.0\;C:\Program Files\Intel\Intel(R) Management Engine Components\DAL;C:\Program Files (x86)\Intel\Intel(R) Management Engine Components\DAL;C:\Program Files\Intel\Intel(R) Management Engine Components\IPT;C:\Program Files (x86)\Intel\Intel(R) Management Engine Components\IPT;C:\Program Files (x86)\ATI Technologies\ATI.ACE\Core-Static;C:\Program Files\Intel\WiFi\bin\;C:\Program Files\Common Files\Intel\WirelessCommon\;D:\DTID\Java\jdk1.8.0_151\bin;D:\DTID\Python\Python36\Scripts\;D:\DTID\Python\Python36\;."/>
    <property name="java.vm.info" value="mixed mode"/>
    <property name="java.vendor" value="Oracle Corporation"/>
    <property name="java.vm.version" value="25.151-b12"/>
    <property name="java.ext.dirs" value="D:\DTID\Java\jdk1.8.0_151\jre\lib\ext;C:\Windows\Sun\Java\lib\ext"/>
    <property name="sun.io.unicode.encoding" value="UnicodeLittle"/>
    <property name="java.class.version" value="52.0"/>
  </properties>
  <testcase name="shouldAnswerWithTrue" classname="com.demo01.AppTest" time="0.004"/>
</testsuite>